<?xml version="1.0" encoding="UTF-8"?>
<!-- Generated by org.testng.reporters.JUnitXMLReporter -->
<testsuite hostname="DESKTOP-JCJ8HOK" ignored="2" name="Create New Booking Test - pay@hotel" tests="5" failures="0" timestamp="17 Oct 2023 02:24:32 GMT" time="0.17" errors="0">
  <testcase name="createBooking" time="0.015" classname="testcases.BookingManagement"/>
  <testcase name="applyDiscount" time="0.006" classname="testcases.PaymentManagement"/>
  <testcase name="makePayment" time="0.012" classname="testcases.PaymentManagement"/>
  <testcase name="checkMailConfirmation" time="0.019" classname="testcases.CommunicationManagement"/>
  <testcase name="checkMobileConfirmation" time="0.01" classname="testcases.CommunicationManagement"/>
  <testcase name="modifyBooking" time="0.0" classname="testcases.BookingManagement">
    <ignored/>
  </testcase> <!-- modifyBooking -->
  <testcase name="cancelBooking" time="0.0" classname="testcases.BookingManagement">
    <ignored/>
  </testcase> <!-- cancelBooking -->
</testsuite> <!-- Create New Booking Test - pay@hotel -->
