<?xml version="1.0" encoding="UTF-8"?>
<!-- Generated by org.testng.reporters.JUnitXMLReporter -->
<testsuite hostname="DESKTOP-JCJ8HOK" ignored="2" name="Modify Booking Test" tests="5" failures="2" timestamp="17 Oct 2023 02:09:16 GMT" time="0.066" errors="0">
  <testcase name="modifyBooking" time="0.003" classname="testcases.BookingManagement"/>
  <testcase name="applyDiscount" time="0.0" classname="testcases.PaymentManagement">
    <failure type="org.testng.TestNGException" message="
Cannot inject @Test annotated Method [applyDiscount] with [class java.lang.String].
For more information on native dependency injection please refer to http://testng.org/doc/documentation-main.html#native-dependency-injection">
      <![CDATA[org.testng.TestNGException: 
Cannot inject @Test annotated Method [applyDiscount] with [class java.lang.String].
For more information on native dependency injection please refer to http://testng.org/doc/documentation-main.html#native-dependency-injection
... Removed 24 stack frames]]>
    </failure>
  </testcase> <!-- applyDiscount -->
  <testcase name="makePayment" time="0.0" classname="testcases.PaymentManagement">
    <failure type="org.testng.TestNGException" message="
Cannot inject @Test annotated Method [makePayment] with [class java.lang.String].
For more information on native dependency injection please refer to http://testng.org/doc/documentation-main.html#native-dependency-injection">
      <![CDATA[org.testng.TestNGException: 
Cannot inject @Test annotated Method [makePayment] with [class java.lang.String].
For more information on native dependency injection please refer to http://testng.org/doc/documentation-main.html#native-dependency-injection
... Removed 24 stack frames]]>
    </failure>
  </testcase> <!-- makePayment -->
  <testcase name="checkMailConfirmation" time="0.016" classname="testcases.CommunicationManagement"/>
  <testcase name="checkMobileConfirmation" time="0.002" classname="testcases.CommunicationManagement"/>
  <testcase name="cancelBooking" time="0.0" classname="testcases.BookingManagement">
    <ignored/>
  </testcase> <!-- cancelBooking -->
  <testcase name="createBooking" time="0.0" classname="testcases.BookingManagement">
    <ignored/>
  </testcase> <!-- createBooking -->
</testsuite> <!-- Modify Booking Test -->
