<?xml version="1.0" encoding="UTF-8"?>
<!-- Generated by org.testng.reporters.JUnitXMLReporter -->
<testsuite hostname="DESKTOP-JCJ8HOK" ignored="0" name="Default test" tests="4" failures="0" timestamp="12 Oct 2023 02:10:55 GMT" time="0.168" errors="0">
  <testcase name="orange" time="0.048" classname="testng.TestDependancy"/>
  <testcase name="white" time="0.003" classname="testng.TestDependancy"/>
  <testcase name="blue" time="0.005" classname="testng.TestDependancy"/>
  <testcase name="green" time="0.004" classname="testng.TestDependancy"/>
</testsuite> <!-- Default test -->
