<?xml version="1.0" encoding="UTF-8"?>
<!-- Generated by org.testng.reporters.JUnitXMLReporter -->
<testsuite hostname="DESKTOP-JCJ8HOK" ignored="0" name="Default test" tests="7" failures="0" timestamp="11 Oct 2023 02:21:12 GMT" time="0.182" errors="0">
  <testcase name="test1" time="0.035" classname="testng.MethodParallel"/>
  <testcase name="test2" time="0.004" classname="testng.MethodParallel"/>
  <testcase name="test3" time="0.008" classname="testng.MethodParallel"/>
  <testcase name="test4" time="0.008" classname="testng.MethodParallel"/>
  <testcase name="test5" time="0.002" classname="testng.MethodParallel"/>
  <testcase name="test6" time="0.001" classname="testng.MethodParallel"/>
  <testcase name="test7" time="0.003" classname="testng.MethodParallel"/>
</testsuite> <!-- Default test -->
