<?xml version="1.0" encoding="UTF-8"?>
<!-- Generated by org.testng.reporters.JUnitXMLReporter -->
<testsuite hostname="DESKTOP-JCJ8HOK" ignored="0" name="chromeTest" tests="4" failures="0" timestamp="11 Oct 2023 01:43:46 GMT" time="59.069" errors="0">
  <testcase name="radioButtonTest" time="2.821" classname="testng.RadioButton1"/>
  <testcase name="checkboxTest" time="0.527" classname="testng.CheckBox1"/>
  <testcase name="amazonTest" time="6.995" classname="testng.TNG_003"/>
  <testcase name="linktesting1" time="1.593" classname="testng.LinksTesting1"/>
</testsuite> <!-- chromeTest -->
