<?xml version="1.0" encoding="UTF-8"?>
<!-- Generated by org.testng.reporters.JUnitXMLReporter -->
<testsuite hostname="DESKTOP-JCJ8HOK" ignored="0" name="firefoxTest" tests="4" failures="0" timestamp="11 Oct 2023 01:45:06 GMT" time="79.71" errors="0">
  <testcase name="radioButtonTest" time="0.396" classname="testng.RadioButton1"/>
  <testcase name="checkboxTest" time="0.245" classname="testng.CheckBox1"/>
  <testcase name="amazonTest" time="6.319" classname="testng.TNG_003"/>
  <testcase name="linktesting1" time="1.724" classname="testng.LinksTesting1"/>
</testsuite> <!-- firefoxTest -->
