<?xml version="1.0" encoding="UTF-8"?>
<!-- Generated by org.testng.reporters.JUnitXMLReporter -->
<testsuite hostname="DESKTOP-JCJ8HOK" ignored="0" name="FunctionalTest" tests="4" failures="0" timestamp="09 Oct 2023 02:21:25 GMT" time="81.629" errors="0">
  <testcase name="radioButtonTest" time="0.477" classname="testng.RadioButton1"/>
  <testcase name="checkboxTest" time="0.313" classname="testng.CheckBox1"/>
  <testcase name="amazonTest" time="4.809" classname="testng.TNG_003"/>
  <testcase name="linktesting1" time="1.845" classname="testng.LinksTesting1"/>
</testsuite> <!-- FunctionalTest -->
