<?xml version="1.0" encoding="UTF-8"?>
<!-- Generated by org.testng.reporters.JUnitXMLReporter -->
<testsuite hostname="DESKTOP-JCJ8HOK" ignored="1" name="AutomationTest" tests="4" failures="0" timestamp="09 Oct 2023 01:52:50 GMT" time="18.963" errors="0">
  <testcase name="f" time="0.011" classname="testng.TNG_001"/>
  <testcase name="amazonTest" time="5.216" classname="testng.TNG_003"/>
  <testcase name="f" time="0.002" classname="testng.TNG_002"/>
  <testcase name="z" time="0.004" classname="testng.TNG_002"/>
  <testcase name="a" time="0.0" classname="testng.TNG_002">
    <ignored/>
  </testcase> <!-- a -->
</testsuite> <!-- AutomationTest -->
