<?xml version="1.0" encoding="UTF-8"?>
<testng-results skipped="0" failed="0" ignored="0" total="2" passed="2">
  <reporter-output>
  </reporter-output>
  <suite name="Suite" duration-ms="2064" started-at="2023-10-18T02:19:44Z" finished-at="2023-10-18T02:19:46Z">
    <groups>
    </groups>
    <test name="LoginTest" duration-ms="1738" started-at="2023-10-18T02:19:44Z" finished-at="2023-10-18T02:19:46Z">
      <class name="testng.LoginTest">
        <test-method status="PASS" signature="init()[pri:0, instance:testng.LoginTest@6fc6f14e]" name="init" is-config="true" duration-ms="617" started-at="2023-10-18T02:19:44Z" finished-at="2023-10-18T02:19:45Z">
          <reporter-output>
          </reporter-output>
        </test-method> <!-- init -->
        <test-method status="PASS" signature="loginTest()[pri:0, instance:testng.LoginTest@6fc6f14e]" name="loginTest" duration-ms="29" started-at="2023-10-18T02:19:45Z" finished-at="2023-10-18T02:19:45Z">
          <reporter-output>
          </reporter-output>
        </test-method> <!-- loginTest -->
        <test-method status="PASS" signature="quit()[pri:0, instance:testng.LoginTest@6fc6f14e]" name="quit" is-config="true" duration-ms="1026" started-at="2023-10-18T02:19:45Z" finished-at="2023-10-18T02:19:46Z">
          <reporter-output>
          </reporter-output>
        </test-method> <!-- quit -->
      </class> <!-- testng.LoginTest -->
    </test> <!-- LoginTest -->
    <test name="RegTest" duration-ms="227" started-at="2023-10-18T02:19:46Z" finished-at="2023-10-18T02:19:46Z">
      <class name="testng.RegTest">
        <test-method status="PASS" signature="init()[pri:0, instance:testng.RegTest@61f8bee4]" name="init" is-config="true" duration-ms="1" started-at="2023-10-18T02:19:46Z" finished-at="2023-10-18T02:19:46Z">
          <reporter-output>
          </reporter-output>
        </test-method> <!-- init -->
        <test-method status="PASS" signature="regTest()[pri:0, instance:testng.RegTest@61f8bee4]" name="regTest" duration-ms="16" started-at="2023-10-18T02:19:46Z" finished-at="2023-10-18T02:19:46Z">
          <reporter-output>
          </reporter-output>
        </test-method> <!-- regTest -->
        <test-method status="PASS" signature="quit()[pri:0, instance:testng.RegTest@61f8bee4]" name="quit" is-config="true" duration-ms="191" started-at="2023-10-18T02:19:46Z" finished-at="2023-10-18T02:19:46Z">
          <reporter-output>
          </reporter-output>
        </test-method> <!-- quit -->
      </class> <!-- testng.RegTest -->
    </test> <!-- RegTest -->
  </suite> <!-- Suite -->
</testng-results>
