<?xml version="1.0" encoding="UTF-8"?>
<testng-results skipped="0" failed="0" ignored="0" total="7" passed="7">
  <reporter-output>
  </reporter-output>
  <suite name="Suite" duration-ms="242" started-at="2023-10-11T02:22:56Z" finished-at="2023-10-11T02:22:56Z">
    <groups>
    </groups>
    <test name="Test" duration-ms="242" started-at="2023-10-11T02:22:56Z" finished-at="2023-10-11T02:22:56Z">
      <class name="testng.MethodParallel">
        <test-method status="PASS" signature="test2()[pri:0, instance:testng.MethodParallel@3327bd23]" name="test2" duration-ms="95" started-at="2023-10-11T02:22:56Z" finished-at="2023-10-11T02:22:56Z">
          <reporter-output>
          </reporter-output>
        </test-method> <!-- test2 -->
        <test-method status="PASS" signature="test1()[pri:0, instance:testng.MethodParallel@3327bd23]" name="test1" duration-ms="95" started-at="2023-10-11T02:22:56Z" finished-at="2023-10-11T02:22:56Z">
          <reporter-output>
          </reporter-output>
        </test-method> <!-- test1 -->
        <test-method status="PASS" signature="test3()[pri:0, instance:testng.MethodParallel@3327bd23]" name="test3" duration-ms="95" started-at="2023-10-11T02:22:56Z" finished-at="2023-10-11T02:22:56Z">
          <reporter-output>
          </reporter-output>
        </test-method> <!-- test3 -->
        <test-method status="PASS" signature="test4()[pri:0, instance:testng.MethodParallel@3327bd23]" name="test4" duration-ms="95" started-at="2023-10-11T02:22:56Z" finished-at="2023-10-11T02:22:56Z">
          <reporter-output>
          </reporter-output>
        </test-method> <!-- test4 -->
        <test-method status="PASS" signature="test5()[pri:0, instance:testng.MethodParallel@3327bd23]" name="test5" duration-ms="40" started-at="2023-10-11T02:22:56Z" finished-at="2023-10-11T02:22:56Z">
          <reporter-output>
          </reporter-output>
        </test-method> <!-- test5 -->
        <test-method status="PASS" signature="test6()[pri:0, instance:testng.MethodParallel@3327bd23]" name="test6" duration-ms="37" started-at="2023-10-11T02:22:56Z" finished-at="2023-10-11T02:22:56Z">
          <reporter-output>
          </reporter-output>
        </test-method> <!-- test6 -->
        <test-method status="PASS" signature="test7()[pri:0, instance:testng.MethodParallel@3327bd23]" name="test7" duration-ms="31" started-at="2023-10-11T02:22:56Z" finished-at="2023-10-11T02:22:56Z">
          <reporter-output>
          </reporter-output>
        </test-method> <!-- test7 -->
      </class> <!-- testng.MethodParallel -->
    </test> <!-- Test -->
  </suite> <!-- Suite -->
</testng-results>
